#
# There is insufficient memory for the Java Runtime Environment to continue.
# Native memory allocation (malloc) failed to allocate 266576 bytes for Chunk::new
# Possible reasons:
#   The system is out of physical RAM or swap space
#   In 32 bit mode, the process size limit was hit
# Possible solutions:
#   Reduce memory load on the system
#   Increase physical memory or swap space
#   Check if swap backing store is full
#   Use 64 bit Java on a 64 bit OS
#   Decrease Java heap size (-Xmx/-Xms)
#   Decrease number of Java threads
#   Decrease Java thread stack sizes (-Xss)
#   Set larger code cache with -XX:ReservedCodeCacheSize=
# This output file may be truncated or incomplete.
#
#  Out of Memory Error (allocation.cpp:390), pid=35500, tid=0x000000000000721c
#
# JRE version: Java(TM) SE Runtime Environment (8.0_161-b12) (build 1.8.0_161-b12)
# Java VM: Java HotSpot(TM) 64-Bit Server VM (25.161-b12 mixed mode windows-amd64 compressed oops)
# Failed to write core dump. Minidumps are not enabled by default on client versions of Windows
#

---------------  T H R E A D  ---------------

Current thread (0x0000000015233000):  JavaThread "C2 CompilerThread1" daemon [_thread_in_native, id=29212, stack(0x00000000169b0000,0x0000000016ab0000)]

Stack: [0x00000000169b0000,0x0000000016ab0000]
[error occurred during error reporting (printing stack bounds), id 0xc0000005]

Native frames: (J=compiled Java code, j=interpreted, Vv=VM code, C=native code)


Current CompileTask:
C2:   1338  384 %     4       test.PixelTester::draw @ 78 (327 bytes)


---------------  P R O C E S S  ---------------

Java Threads: ( => current thread )
  0x0000000016f51000 JavaThread "AWT-EventQueue-0" [_thread_blocked, id=39780, stack(0x0000000017ad0000,0x0000000017bd0000)]
  0x0000000016f31800 JavaThread "AWT-Windows" daemon [_thread_in_native, id=38932, stack(0x0000000017500000,0x0000000017600000)]
  0x0000000016f2e000 JavaThread "AWT-Shutdown" [_thread_blocked, id=39424, stack(0x0000000017400000,0x0000000017500000)]
  0x0000000016f2d000 JavaThread "Java2D Disposer" daemon [_thread_blocked, id=39244, stack(0x0000000017300000,0x0000000017400000)]
  0x0000000016bd0800 JavaThread "Service Thread" daemon [_thread_blocked, id=30296, stack(0x0000000016fb0000,0x00000000170b0000)]
  0x0000000015236000 JavaThread "C1 CompilerThread2" daemon [_thread_blocked, id=38608, stack(0x0000000016ab0000,0x0000000016bb0000)]
=>0x0000000015233000 JavaThread "C2 CompilerThread1" daemon [_thread_in_native, id=29212, stack(0x00000000169b0000,0x0000000016ab0000)]
  0x000000001522e000 JavaThread "C2 CompilerThread0" daemon [_thread_blocked, id=10700, stack(0x00000000168b0000,0x00000000169b0000)]
  0x000000001522a800 JavaThread "Attach Listener" daemon [_thread_blocked, id=28736, stack(0x00000000167b0000,0x00000000168b0000)]
  0x0000000015229800 JavaThread "Signal Dispatcher" daemon [_thread_blocked, id=38572, stack(0x00000000166b0000,0x00000000167b0000)]
  0x000000001521a800 JavaThread "Finalizer" daemon [_thread_blocked, id=39636, stack(0x00000000164a0000,0x00000000165a0000)]
  0x0000000002f50000 JavaThread "Reference Handler" daemon [_thread_blocked, id=39628, stack(0x00000000163a0000,0x00000000164a0000)]
  0x0000000002cdd800 JavaThread "main" [_thread_in_Java, id=39028, stack(0x0000000002d60000,0x0000000002e60000)]

Other Threads:
  0x00000000151f7800 VMThread [stack: 0x00000000162a0000,0x00000000163a0000] [id=39240]
  0x000000001528e800 WatcherThread [stack: 0x0000000017200000,0x0000000017300000] [id=38892]

VM state:not at safepoint (normal execution)

VM Mutex/Monitor currently owned by a thread: None

Heap:
 PSYoungGen      total 17408K, used 3119K [0x00000000ecf80000, 0x00000000ee280000, 0x0000000100000000)
  eden space 15360K, 20% used [0x00000000ecf80000,0x00000000ed28bc10,0x00000000ede80000)
  from space 2048K, 0% used [0x00000000ede80000,0x00000000ede80000,0x00000000ee080000)
  to   space 2048K, 0% used [0x00000000ee080000,0x00000000ee080000,0x00000000ee280000)
 ParOldGen       total 35840K, used 5193K [0x00000000c6e00000, 0x00000000c9100000, 0x00000000ecf80000)
  object space 35840K, 14% used [0x00000000c6e00000,0x00000000c73127e8,0x00000000c9100000)
 Metaspace       used 8321K, capacity 8562K, committed 8832K, reserved 1060864K
  class space    used 971K, capacity 1061K, committed 1152K, reserved 1048576K

Card table byte_map: [0x0000000012320000,0x00000000124f0000] byte_map_base: 0x0000000011ce9000

Marking Bits: (ParMarkBitMap*) 0x000000005de9f860
 Begin Bits: [0x0000000012a30000, 0x0000000013878000)
 End Bits:   [0x0000000013878000, 0x00000000146c0000)

Polling page: 0x0000000000fd0000

CodeCache: size=245760Kb used=1906Kb max_used=1906Kb free=243853Kb
 bounds [0x0000000002f60000, 0x00000000031d0000, 0x0000000011f60000]
 total_blobs=801 nmethods=383 adapters=331
 compilation: enabled

Compilation events (10 events):
Event: 1.306 Thread 0x0000000015236000 nmethod 379 0x0000000003135050 code [0x00000000031351a0, 0x0000000003135330]
Event: 1.313 Thread 0x0000000015236000  380 %     3       test.PixelTester::draw @ 78 (327 bytes)
Event: 1.315 Thread 0x000000001522e000  381       4       java.lang.StrictMath::floorOrCeil (128 bytes)
Event: 1.317 Thread 0x000000001522e000 nmethod 381 0x0000000003136150 code [0x00000000031362a0, 0x0000000003136378]
Event: 1.317 Thread 0x0000000015236000 nmethod 380% 0x0000000003136410 code [0x00000000031367a0, 0x0000000003138b98]
Event: 1.317 Thread 0x0000000015236000  382       3       test.PixelTester::draw (327 bytes)
Event: 1.321 Thread 0x0000000015236000 nmethod 382 0x0000000003139e90 code [0x000000000313a200, 0x000000000313c398]
Event: 1.321 Thread 0x0000000015236000  383       1       sun.awt.image.PixelConverter$Rgba::rgbToPixel (10 bytes)
Event: 1.321 Thread 0x0000000015233000  384 %     4       test.PixelTester::draw @ 78 (327 bytes)
Event: 1.321 Thread 0x0000000015236000 nmethod 383 0x0000000003135e90 code [0x0000000003135fe0, 0x00000000031360f0]

GC Heap History (4 events):
Event: 0.973 GC heap before
{Heap before GC invocations=1 (full 0):
 PSYoungGen      total 17408K, used 7998K [0x00000000ecf80000, 0x00000000ee280000, 0x0000000100000000)
  eden space 15360K, 52% used [0x00000000ecf80000,0x00000000ed74f9f8,0x00000000ede80000)
  from space 2048K, 0% used [0x00000000ee080000,0x00000000ee080000,0x00000000ee280000)
  to   space 2048K, 0% used [0x00000000ede80000,0x00000000ede80000,0x00000000ee080000)
 ParOldGen       total 39936K, used 0K [0x00000000c6e00000, 0x00000000c9500000, 0x00000000ecf80000)
  object space 39936K, 0% used [0x00000000c6e00000,0x00000000c6e00000,0x00000000c9500000)
 Metaspace       used 7136K, capacity 7278K, committed 7424K, reserved 1062912K
  class space    used 836K, capacity 933K, committed 1024K, reserved 1048576K
Event: 0.982 GC heap after
Heap after GC invocations=1 (full 0):
 PSYoungGen      total 17408K, used 2032K [0x00000000ecf80000, 0x00000000ee280000, 0x0000000100000000)
  eden space 15360K, 0% used [0x00000000ecf80000,0x00000000ecf80000,0x00000000ede80000)
  from space 2048K, 99% used [0x00000000ede80000,0x00000000ee07c010,0x00000000ee080000)
  to   space 2048K, 0% used [0x00000000ee080000,0x00000000ee080000,0x00000000ee280000)
 ParOldGen       total 39936K, used 3320K [0x00000000c6e00000, 0x00000000c9500000, 0x00000000ecf80000)
  object space 39936K, 8% used [0x00000000c6e00000,0x00000000c713e000,0x00000000c9500000)
 Metaspace       used 7136K, capacity 7278K, committed 7424K, reserved 1062912K
  class space    used 836K, capacity 933K, committed 1024K, reserved 1048576K
}
Event: 0.982 GC heap before
{Heap before GC invocations=2 (full 1):
 PSYoungGen      total 17408K, used 2032K [0x00000000ecf80000, 0x00000000ee280000, 0x0000000100000000)
  eden space 15360K, 0% used [0x00000000ecf80000,0x00000000ecf80000,0x00000000ede80000)
  from space 2048K, 99% used [0x00000000ede80000,0x00000000ee07c010,0x00000000ee080000)
  to   space 2048K, 0% used [0x00000000ee080000,0x00000000ee080000,0x00000000ee280000)
 ParOldGen       total 39936K, used 3320K [0x00000000c6e00000, 0x00000000c9500000, 0x00000000ecf80000)
  object space 39936K, 8% used [0x00000000c6e00000,0x00000000c713e000,0x00000000c9500000)
 Metaspace       used 7136K, capacity 7278K, committed 7424K, reserved 1062912K
  class space    used 836K, capacity 933K, committed 1024K, reserved 1048576K
Event: 1.005 GC heap after
Heap after GC invocations=2 (full 1):
 PSYoungGen      total 17408K, used 0K [0x00000000ecf80000, 0x00000000ee280000, 0x0000000100000000)
  eden space 15360K, 0% used [0x00000000ecf80000,0x00000000ecf80000,0x00000000ede80000)
  from space 2048K, 0% used [0x00000000ede80000,0x00000000ede80000,0x00000000ee080000)
  to   space 2048K, 0% used [0x00000000ee080000,0x00000000ee080000,0x00000000ee280000)
 ParOldGen       total 35840K, used 5193K [0x00000000c6e00000, 0x00000000c9100000, 0x00000000ecf80000)
  object space 35840K, 14% used [0x00000000c6e00000,0x00000000c73127e8,0x00000000c9100000)
 Metaspace       used 7136K, capacity 7278K, committed 7424K, reserved 1060864K
  class space    used 836K, capacity 933K, committed 1024K, reserved 1048576K
}

Deoptimization events (2 events):
Event: 1.296 Thread 0x0000000002cdd800 Uncommon trap: reason=unstable_if action=reinterpret pc=0x0000000003127768 method=java.lang.StrictMath.floorOrCeil(DDDD)D @ 90
Event: 1.296 Thread 0x0000000002cdd800 Uncommon trap: reason=unstable_if action=reinterpret pc=0x00000000031283e0 method=java.lang.StrictMath.floorOrCeil(DDDD)D @ 90

Classes redefined (0 events):
No events

Internal exceptions (10 events):
Event: 0.046 Thread 0x0000000002cdd800 Exception <a 'java/lang/NoSuchMethodError': Method sun.misc.Unsafe.prefetchRead(Ljava/lang/Object;J)V name or signature does not match> (0x00000000ecf87f88) thrown at [C:\re\workspace\8-2-build-windows-amd64-cygwin\jdk8u161\10277\hotspot\src\share\vm\prim
Event: 0.104 Thread 0x0000000002cdd800 Exception <a 'java/io/FileNotFoundException'> (0x00000000ecfd3b50) thrown at [C:\re\workspace\8-2-build-windows-amd64-cygwin\jdk8u161\10277\hotspot\src\share\vm\prims\jni.cpp, line 709]
Event: 0.184 Thread 0x0000000002cdd800 Exception <a 'java/security/PrivilegedActionException'> (0x00000000ed016258) thrown at [C:\re\workspace\8-2-build-windows-amd64-cygwin\jdk8u161\10277\hotspot\src\share\vm\prims\jvm.cpp, line 1390]
Event: 0.184 Thread 0x0000000002cdd800 Exception <a 'java/security/PrivilegedActionException'> (0x00000000ed016468) thrown at [C:\re\workspace\8-2-build-windows-amd64-cygwin\jdk8u161\10277\hotspot\src\share\vm\prims\jvm.cpp, line 1390]
Event: 0.187 Thread 0x0000000002cdd800 Exception <a 'java/security/PrivilegedActionException'> (0x00000000ed0670b0) thrown at [C:\re\workspace\8-2-build-windows-amd64-cygwin\jdk8u161\10277\hotspot\src\share\vm\prims\jvm.cpp, line 1390]
Event: 0.187 Thread 0x0000000002cdd800 Exception <a 'java/security/PrivilegedActionException'> (0x00000000ed0672c0) thrown at [C:\re\workspace\8-2-build-windows-amd64-cygwin\jdk8u161\10277\hotspot\src\share\vm\prims\jvm.cpp, line 1390]
Event: 0.200 Thread 0x0000000002cdd800 Exception <a 'java/io/FileNotFoundException'> (0x00000000ed06d108) thrown at [C:\re\workspace\8-2-build-windows-amd64-cygwin\jdk8u161\10277\hotspot\src\share\vm\prims\jni.cpp, line 709]
Event: 0.384 Thread 0x0000000002cdd800 Exception <a 'java/lang/NoSuchFieldError': method resolution failed> (0x00000000ed13e940) thrown at [C:\re\workspace\8-2-build-windows-amd64-cygwin\jdk8u161\10277\hotspot\src\share\vm\prims\methodHandles.cpp, line 1167]
Event: 0.398 Thread 0x0000000002cdd800 Exception <a 'java/lang/NoSuchFieldError': method resolution failed> (0x00000000ed14bd10) thrown at [C:\re\workspace\8-2-build-windows-amd64-cygwin\jdk8u161\10277\hotspot\src\share\vm\prims\methodHandles.cpp, line 1167]
Event: 0.821 Thread 0x0000000002cdd800 Exception <a 'java/io/FileNotFoundException'> (0x00000000ed1e5668) thrown at [C:\re\workspace\8-2-build-windows-amd64-cygwin\jdk8u161\10277\hotspot\src\share\vm\prims\jni.cpp, line 709]

Events (10 events):
Event: 1.328 loading class java/text/AttributedCharacterIterator done
Event: 1.328 loading class java/text/AttributedString$AttributedStringIterator done
Event: 1.329 loading class java/util/concurrent/locks/LockSupport
Event: 1.329 loading class java/util/concurrent/locks/LockSupport done
Event: 1.331 loading class java/awt/event/MouseWheelEvent
Event: 1.331 loading class java/awt/event/MouseWheelEvent done
Event: 1.331 loading class java/awt/AWTEvent$2
Event: 1.332 loading class java/awt/AWTEvent$2 done
Event: 1.332 loading class sun/reflect/UnsafeBooleanFieldAccessorImpl
Event: 1.332 loading class sun/reflect/UnsafeBooleanFieldAccessorImpl done


Dynamic libraries:
0x00007ff6de190000 - 0x00007ff6de1c7000 	C:\Program Files\Java\jdk1.8.0_161\bin\java.exe
0x00007fff66970000 - 0x00007fff66b51000 	C:\WINDOWS\SYSTEM32\ntdll.dll
0x00007fff64460000 - 0x00007fff64512000 	C:\WINDOWS\System32\KERNEL32.DLL
0x00007fff637d0000 - 0x00007fff63a43000 	C:\WINDOWS\System32\KERNELBASE.dll
0x00007fff64810000 - 0x00007fff648b1000 	C:\WINDOWS\System32\ADVAPI32.dll
0x00007fff64a50000 - 0x00007fff64aee000 	C:\WINDOWS\System32\msvcrt.dll
0x00007fff65150000 - 0x00007fff651ab000 	C:\WINDOWS\System32\sechost.dll
0x00007fff645f0000 - 0x00007fff64714000 	C:\WINDOWS\System32\RPCRT4.dll
0x00007fff64b70000 - 0x00007fff64d00000 	C:\WINDOWS\System32\USER32.dll
0x00007fff63a50000 - 0x00007fff63a70000 	C:\WINDOWS\System32\win32u.dll
0x00007fff648c0000 - 0x00007fff648e8000 	C:\WINDOWS\System32\GDI32.dll
0x00007fff63a70000 - 0x00007fff63c02000 	C:\WINDOWS\System32\gdi32full.dll
0x00007fff63d10000 - 0x00007fff63daf000 	C:\WINDOWS\System32\msvcp_win.dll
0x00007fff63c10000 - 0x00007fff63d0a000 	C:\WINDOWS\System32\ucrtbase.dll
0x00007fff51bc0000 - 0x00007fff51e29000 	C:\WINDOWS\WinSxS\amd64_microsoft.windows.common-controls_6595b64144ccf1df_6.0.17134.590_none_fb3d9bff3069e088\COMCTL32.dll
0x00007fff64120000 - 0x00007fff64442000 	C:\WINDOWS\System32\combase.dll
0x00007fff63040000 - 0x00007fff630ba000 	C:\WINDOWS\System32\bcryptPrimitives.dll
0x00007fff66770000 - 0x00007fff6679d000 	C:\WINDOWS\System32\IMM32.DLL
0x000000005d5a0000 - 0x000000005d672000 	C:\Program Files\Java\jdk1.8.0_161\jre\bin\msvcr100.dll
0x000000005d680000 - 0x000000005df1f000 	C:\Program Files\Java\jdk1.8.0_161\jre\bin\server\jvm.dll
0x00007fff64450000 - 0x00007fff64458000 	C:\WINDOWS\System32\PSAPI.DLL
0x00007fff5f530000 - 0x00007fff5f539000 	C:\WINDOWS\SYSTEM32\WSOCK32.dll
0x00007fff60c40000 - 0x00007fff60c63000 	C:\WINDOWS\SYSTEM32\WINMM.dll
0x00007fff54900000 - 0x00007fff5490a000 	C:\WINDOWS\SYSTEM32\VERSION.dll
0x00007fff64520000 - 0x00007fff6458c000 	C:\WINDOWS\System32\WS2_32.dll
0x00007fff60c10000 - 0x00007fff60c3a000 	C:\WINDOWS\SYSTEM32\WINMMBASE.dll
0x00007fff63db0000 - 0x00007fff63df9000 	C:\WINDOWS\System32\cfgmgr32.dll
0x000000005d550000 - 0x000000005d55f000 	C:\Program Files\Java\jdk1.8.0_161\jre\bin\verify.dll
0x000000005d520000 - 0x000000005d549000 	C:\Program Files\Java\jdk1.8.0_161\jre\bin\java.dll
0x000000005d500000 - 0x000000005d516000 	C:\Program Files\Java\jdk1.8.0_161\jre\bin\zip.dll
0x00007fff652d0000 - 0x00007fff66710000 	C:\WINDOWS\System32\SHELL32.dll
0x00007fff63e10000 - 0x00007fff63eb9000 	C:\WINDOWS\System32\shcore.dll
0x00007fff630c0000 - 0x00007fff637cd000 	C:\WINDOWS\System32\windows.storage.dll
0x00007fff66710000 - 0x00007fff66761000 	C:\WINDOWS\System32\shlwapi.dll
0x00007fff62c90000 - 0x00007fff62ca1000 	C:\WINDOWS\System32\kernel.appcore.dll
0x00007fff62d20000 - 0x00007fff62d3f000 	C:\WINDOWS\System32\profapi.dll
0x00007fff62cb0000 - 0x00007fff62cfc000 	C:\WINDOWS\System32\powrprof.dll
0x00007fff62c80000 - 0x00007fff62c8a000 	C:\WINDOWS\System32\FLTLIB.DLL
0x000000005d320000 - 0x000000005d4b8000 	C:\Program Files\Java\jdk1.8.0_161\jre\bin\awt.dll
0x00007fff64040000 - 0x00007fff64103000 	C:\WINDOWS\System32\OLEAUT32.dll
0x00007fff60e50000 - 0x00007fff60edb000 	C:\WINDOWS\SYSTEM32\apphelp.dll
0x00007fff61250000 - 0x00007fff61279000 	C:\WINDOWS\system32\DWMAPI.DLL
0x00007fff60fd0000 - 0x00007fff61068000 	C:\WINDOWS\system32\uxtheme.dll
0x00007fff49280000 - 0x00007fff493a0000 	C:\WINDOWS\system32\opengl32.dll
0x00007fff515f0000 - 0x00007fff5161c000 	C:\WINDOWS\SYSTEM32\GLU32.dll
0x00007fff63ec0000 - 0x00007fff64033000 	C:\WINDOWS\System32\MSCTF.dll
0x00007fff648f0000 - 0x00007fff64a41000 	C:\WINDOWS\System32\ole32.dll
0x000000005d2d0000 - 0x000000005d317000 	C:\Program Files\Java\jdk1.8.0_161\jre\bin\fontmanager.dll
0x00007fff59700000 - 0x00007fff59796000 	C:\WINDOWS\System32\TextInputFramework.dll
0x00007fff5cf30000 - 0x00007fff5d24e000 	C:\WINDOWS\System32\CoreUIComponents.dll
0x00007fff607f0000 - 0x00007fff608ca000 	C:\WINDOWS\System32\CoreMessaging.dll
0x00007fff61d70000 - 0x00007fff61da1000 	C:\WINDOWS\SYSTEM32\ntmarta.dll
0x00007fff5ed60000 - 0x00007fff5eead000 	C:\WINDOWS\SYSTEM32\wintypes.dll

VM Arguments:
jvm_args: -Dfile.encoding=UTF-8 
java_command: test.PixelTester
java_class_path (initial): C:\Users\Pedro\Documents\ToyVox Engine\Toybox\PixelVoxel\build\classes
Launcher Type: SUN_STANDARD

Environment Variables:
PATH=C:\Program Files (x86)\Common Files\Oracle\Java\javapath;C:\ProgramData\Oracle\Java\javapath;C:\WINDOWS\system32;C:\WINDOWS;C:\WINDOWS\System32\Wbem;C:\WINDOWS\System32\WindowsPowerShell\v1.0\;C:\WINDOWS\System32\OpenSSH\;C:\Program Files\Git\cmd;C:\Users\Pedro\AppData\Local\Programs\Python\Python37-32\Scripts\;C:\Users\Pedro\AppData\Local\Programs\Python\Python37-32\;C:\Users\Pedro\AppData\Local\Microsoft\WindowsApps;;C:\Program Files\JetBrains\IntelliJ IDEA Community Edition 2018.3.5\bin;
USERNAME=Pedro
OS=Windows_NT
PROCESSOR_IDENTIFIER=Intel64 Family 6 Model 58 Stepping 9, GenuineIntel



---------------  S Y S T E M  ---------------

OS: Windows 10.0 , 64 bit Build 17134 (10.0.17134.556)

CPU:total 4 (initial active 4) (2 cores per cpu, 2 threads per core) family 6 model 58 stepping 9, cmov, cx8, fxsr, mmx, sse, sse2, sse3, ssse3, sse4.1, sse4.2, popcnt, avx, clmul, erms, ht, tsc, tscinvbit, tscinv

Memory: 4k page, physical 3739516k(541188k free), swap 8798508k(1436k free)

vm_info: Java HotSpot(TM) 64-Bit Server VM (25.161-b12) for windows-amd64 JRE (1.8.0_161-b12), built on Dec 19 2017 17:52:25 by "java_re" with MS VC++ 10.0 (VS2010)

time: Tue Mar 26 20:42:48 2019
elapsed time: 1 seconds (0d 0h 0m 1s)

